<?xml version="1.0" encoding="UTF-8"?>
<testng-results ignored="0" total="0" passed="0" failed="0" skipped="0">
  <reporter-output>
  </reporter-output>
  <suite started-at="2023-07-16T19:35:20 IST" name="Default suite" finished-at="2023-07-16T19:35:21 IST" duration-ms="663">
    <groups>
    </groups>
    <test started-at="2023-07-16T19:35:20 IST" name="Default test" finished-at="2023-07-16T19:35:21 IST" duration-ms="663">
      <class name="ui.register.RegisterTest">
        <test-method is-config="true" signature="initializeSession()[pri:0, instance:ui.register.RegisterTest@4d5650ae]" started-at="2023-07-16T19:35:17 IST" name="initializeSession" finished-at="2023-07-16T19:35:20 IST" duration-ms="3002" status="PASS">
          <reporter-output>
          </reporter-output>
        </test-method> <!-- initializeSession -->
        <test-method is-config="true" signature="stop()[pri:0, instance:ui.register.RegisterTest@4d5650ae]" started-at="2023-07-16T19:35:21 IST" name="stop" finished-at="2023-07-16T19:35:21 IST" duration-ms="254" status="PASS">
          <reporter-output>
          </reporter-output>
        </test-method> <!-- stop -->
      </class> <!-- ui.register.RegisterTest -->
    </test> <!-- Default test -->
  </suite> <!-- Default suite -->
</testng-results>
